ALTER SYSTEM ARCHIVE LOG
Fri Oct 03 14:00:05 2022
Error Thread 1 advanced to log sequence 253167 (LGWR switch)
Current log# 5 seq# 253167 mem# 0: +DATAC1/msdb/ONLINELOG/group_5.5021.1043359481
Current log# 5 seq# 253167 mem# 1: +RECOC1/msdb/ONLINELOG/group_5.39409.1043359497
Fri Oct 03 14:00:05 2022
Archived Log entry 867643 added for thread 1 sequence 253166 ID 0x97866c7 dest 1:
Fri Oct 03 14:00:12 2022
ALTER SYSTEM ARCHIVE LOG
Fri Oct 03 14:00:12 2022
Thread 1 advanced to log sequence 253168 (LGWR switch)
Current log# 6 seq# 253168 mem# 0: +DATAC1/msdb/ONLINELOG/group_6.5010.1043359545
Current log# 6 seq# 253168 mem# 1: +RECOC1/msdb/ONLINELOG/group_6.51693.1043359589
Fri Oct 03 14:00:12 2022
Archived Log entry 867646 added for thread 1 sequence 253167 ID 0x97866c7 dest 1:
Fri Oct 03 15:00:03 2022
ALTER SYSTEM ARCHIVE LOG
Fri Oct 03 15:00:03 2022
Thread 1 advanced to log sequence 253169 (LGWR switch)
Current log# 7 seq# 253169 mem# 0: +DATAC1/msdb/ONLINELOG/group_7.1789.1043359607
Current log# 7 seq# 253169 mem# 1: +RECOC1/msdb/ONLINELOG/group_7.53428.1043359623
Fri Oct 03 15:00:03 2022
Archived Log entry 867650 added for thread 1 sequence 253168 ID 0x97866c7 dest 1:
Fri Oct 03 15:00:13 2022
ALTER SYSTEM ARCHIVE LOG
Fri Oct 03 15:00:15 2022
Thread 1 advanced to log sequence 253170 (LGWR switch)
Current log# 5 seq# 253170 mem# 0: +DATAC1/msdb/ONLINELOG/group_5.5021.1043359481
Current log# 5 seq# 253170 mem# 1: +RECOC1/msdb/ONLINELOG/group_5.39409.1043359497
Fri Oct 03 15:00:15 2022
Archived Log entry 867656 added for thread 1 sequence 253169 ID 0x97866c7 dest 1:
Fri Oct 03 15:01:57 2022
Resize operation completed for file# 5, old size 8893440K, new size 8902400K
Fri Oct 03 15:01:57 2022
ORA-600 error 